<?xml version="1.0" encoding="UTF-8"?>
<!-- Generated by org.testng.reporters.JUnitXMLReporter -->
<testsuite hostname="lenovo" ignored="0" name="Default test" tests="4" failures="0" timestamp="01 Apr 2019 07:25:47 GMT" time="4.145" errors="0">
  <testcase name="WhenSearchingByProvidingAValidNameAndDOB" time="3.569" classname="com.egis.interfacetesting.ccd.SearchByPersonTests"/>
  <testcase name="WhenSearchingByProvidingAValidNumber" time="0.257" classname="com.egis.interfacetesting.ccd.SearchByPersonTests"/>
  <testcase name="WhenSearchingByProvidingInValidFirstName" time="0.09" classname="com.egis.interfacetesting.ccd.SearchByPersonTests"/>
  <testcase name="WhenSearchingByProvidingInValidNumber" time="0.105" classname="com.egis.interfacetesting.ccd.SearchByPersonTests"/>
</testsuite> <!-- Default test -->
