<?xml version="1.0" encoding="UTF-8"?>
<testng-results skipped="0" failed="1" ignored="0" total="1" passed="0">
  <reporter-output>
  </reporter-output>
  <suite name="Default suite" duration-ms="1496" started-at="2019-04-22T06:48:35Z" finished-at="2019-04-22T06:48:36Z">
    <groups>
    </groups>
    <test name="Default test" duration-ms="1496" started-at="2019-04-22T06:48:35Z" finished-at="2019-04-22T06:48:36Z">
      <class name="com.egis.interfacetesting.mapping.MappingJSONRequest">
        <test-method status="PASS" signature="beforeSuite(org.testng.ITestContext)[pri:0, instance:com.egis.interfacetesting.mapping.MappingJSONRequest@515c6049]" name="beforeSuite" is-config="true" duration-ms="14028" started-at="2019-04-22T12:18:21Z" finished-at="2019-04-22T12:18:35Z">
          <params>
            <param index="0">
              <value>
                <![CDATA[org.testng.TestRunner@4665428b]]>
              </value>
            </param>
          </params>
          <reporter-output>
          </reporter-output>
        </test-method> <!-- beforeSuite -->
        <test-method status="PASS" signature="springTestContextBeforeTestClass()[pri:0, instance:com.egis.interfacetesting.mapping.MappingJSONRequest@515c6049]" name="springTestContextBeforeTestClass" is-config="true" duration-ms="0" started-at="2019-04-22T12:18:35Z" finished-at="2019-04-22T12:18:35Z">
          <reporter-output>
          </reporter-output>
        </test-method> <!-- springTestContextBeforeTestClass -->
        <test-method status="PASS" signature="springTestContextPrepareTestInstance()[pri:0, instance:com.egis.interfacetesting.mapping.MappingJSONRequest@515c6049]" name="springTestContextPrepareTestInstance" is-config="true" duration-ms="0" started-at="2019-04-22T12:18:35Z" depends-on-methods="org.springframework.test.context.testng.AbstractTestNGSpringContextTests.springTestContextBeforeTestClass" finished-at="2019-04-22T12:18:35Z">
          <reporter-output>
          </reporter-output>
        </test-method> <!-- springTestContextPrepareTestInstance -->
        <test-method status="FAIL" signature="TestPCQSAggregatorKAFKAIntegrationGetActivityJSON()[pri:0, instance:com.egis.interfacetesting.mapping.MappingJSONRequest@515c6049]" name="TestPCQSAggregatorKAFKAIntegrationGetActivityJSON" duration-ms="1417" started-at="2019-04-22T12:18:35Z" finished-at="2019-04-22T12:18:36Z">
          <exception class="com.consol.citrus.exceptions.TestCaseFailedException">
            <message>
              <![CDATA[Validation failed: Values not equal for header element 'citrus_http_status_code', expected '200' but was '500']]>
            </message>
            <full-stacktrace>
              <![CDATA[com.consol.citrus.exceptions.TestCaseFailedException: Validation failed: Values not equal for header element 'citrus_http_status_code', expected '200' but was '500'
	at com.consol.citrus.TestCase.executeAction(TestCase.java:227)
	at com.consol.citrus.TestCase.doExecute(TestCase.java:152)
	at com.consol.citrus.actions.AbstractTestAction.execute(AbstractTestAction.java:42)
	at com.consol.citrus.Citrus.run(Citrus.java:403)
	at com.consol.citrus.testng.AbstractTestNGCitrusTest.invokeTestMethod(AbstractTestNGCitrusTest.java:131)
	at com.consol.citrus.dsl.testng.TestNGCitrusTest.invokeTestMethod(TestNGCitrusTest.java:121)
	at com.consol.citrus.dsl.testng.TestNGCitrusTestDesigner.invokeTestMethod(TestNGCitrusTestDesigner.java:73)
	at com.consol.citrus.dsl.testng.TestNGCitrusTest.run(TestNGCitrusTest.java:110)
	at com.consol.citrus.dsl.testng.TestNGCitrusTest.run(TestNGCitrusTest.java:56)
	at org.testng.internal.MethodInvocationHelper.invokeHookable(MethodInvocationHelper.java:221)
	at org.testng.internal.Invoker.invokeMethod(Invoker.java:657)
	at org.testng.internal.Invoker.invokeTestMethod(Invoker.java:869)
	at org.testng.internal.Invoker.invokeTestMethods(Invoker.java:1193)
	at org.testng.internal.TestMethodWorker.invokeTestMethods(TestMethodWorker.java:126)
	at org.testng.internal.TestMethodWorker.run(TestMethodWorker.java:109)
	at org.testng.TestRunner.privateRun(TestRunner.java:744)
	at org.testng.TestRunner.run(TestRunner.java:602)
	at org.testng.SuiteRunner.runTest(SuiteRunner.java:380)
	at org.testng.SuiteRunner.runSequentially(SuiteRunner.java:375)
	at org.testng.SuiteRunner.privateRun(SuiteRunner.java:340)
	at org.testng.SuiteRunner.run(SuiteRunner.java:289)
	at org.testng.SuiteRunnerWorker.runSuite(SuiteRunnerWorker.java:52)
	at org.testng.SuiteRunnerWorker.run(SuiteRunnerWorker.java:86)
	at org.testng.TestNG.runSuitesSequentially(TestNG.java:1301)
	at org.testng.TestNG.runSuitesLocally(TestNG.java:1226)
	at org.testng.TestNG.runSuites(TestNG.java:1144)
	at org.testng.TestNG.run(TestNG.java:1115)
	at org.testng.remote.AbstractRemoteTestNG.run(AbstractRemoteTestNG.java:115)
	at org.testng.remote.RemoteTestNG.initAndRun(RemoteTestNG.java:251)
	at org.testng.remote.RemoteTestNG.main(RemoteTestNG.java:77)
Caused by: com.consol.citrus.exceptions.ValidationException: Validation failed: Values not equal for header element 'citrus_http_status_code', expected '200' but was '500'
	at com.consol.citrus.validation.DefaultHeaderValidator.validateHeader(DefaultHeaderValidator.java:77)
	at com.consol.citrus.validation.DefaultMessageHeaderValidator.validateMessage(DefaultMessageHeaderValidator.java:90)
	at com.consol.citrus.validation.DefaultMessageHeaderValidator.validateMessage(DefaultMessageHeaderValidator.java:36)
	at com.consol.citrus.validation.AbstractMessageValidator.validateMessage(AbstractMessageValidator.java:46)
	at com.consol.citrus.actions.ReceiveMessageAction.validateMessage(ReceiveMessageAction.java:231)
	at com.consol.citrus.actions.ReceiveMessageAction.doExecute(ReceiveMessageAction.java:128)
	at com.consol.citrus.actions.AbstractTestAction.execute(AbstractTestAction.java:42)
	at com.consol.citrus.dsl.actions.DelegatingTestAction.doExecute(DelegatingTestAction.java:54)
	at com.consol.citrus.actions.AbstractTestAction.execute(AbstractTestAction.java:42)
	at com.consol.citrus.TestCase.executeAction(TestCase.java:220)
	... 29 more
Caused by: java.lang.IllegalArgumentException: Values not equal for header element 'citrus_http_status_code', expected '200' but was '500'
	at org.springframework.util.Assert.isTrue(Assert.java:116)
	at com.consol.citrus.validation.DefaultHeaderValidator.validateHeader(DefaultHeaderValidator.java:64)
	... 38 more
]]>
            </full-stacktrace>
          </exception> <!-- com.consol.citrus.exceptions.TestCaseFailedException -->
          <reporter-output>
          </reporter-output>
        </test-method> <!-- TestPCQSAggregatorKAFKAIntegrationGetActivityJSON -->
        <test-method status="PASS" signature="springTestContextBeforeTestMethod(java.lang.reflect.Method)[pri:0, instance:com.egis.interfacetesting.mapping.MappingJSONRequest@515c6049]" name="springTestContextBeforeTestMethod" is-config="true" duration-ms="0" started-at="2019-04-22T12:18:35Z" finished-at="2019-04-22T12:18:35Z">
          <params>
            <param index="0">
              <value>
                <![CDATA[public void com.egis.interfacetesting.mapping.MappingJSONRequest.TestPCQSAggregatorKAFKAIntegrationGetActivityJSON()]]>
              </value>
            </param>
          </params>
          <reporter-output>
          </reporter-output>
        </test-method> <!-- springTestContextBeforeTestMethod -->
        <test-method status="PASS" signature="springTestContextAfterTestMethod(java.lang.reflect.Method)[pri:0, instance:com.egis.interfacetesting.mapping.MappingJSONRequest@515c6049]" name="springTestContextAfterTestMethod" is-config="true" duration-ms="0" started-at="2019-04-22T12:18:36Z" finished-at="2019-04-22T12:18:36Z">
          <params>
            <param index="0">
              <value>
                <![CDATA[public void com.egis.interfacetesting.mapping.MappingJSONRequest.TestPCQSAggregatorKAFKAIntegrationGetActivityJSON()]]>
              </value>
            </param>
          </params>
          <reporter-output>
          </reporter-output>
        </test-method> <!-- springTestContextAfterTestMethod -->
        <test-method status="PASS" signature="springTestContextAfterTestClass()[pri:0, instance:com.egis.interfacetesting.mapping.MappingJSONRequest@515c6049]" name="springTestContextAfterTestClass" is-config="true" duration-ms="0" started-at="2019-04-22T12:18:36Z" finished-at="2019-04-22T12:18:36Z">
          <reporter-output>
          </reporter-output>
        </test-method> <!-- springTestContextAfterTestClass -->
        <test-method status="PASS" signature="afterSuite(org.testng.ITestContext)[pri:0, instance:com.egis.interfacetesting.mapping.MappingJSONRequest@515c6049]" name="afterSuite" is-config="true" duration-ms="203" started-at="2019-04-22T12:18:36Z" finished-at="2019-04-22T12:18:37Z">
          <params>
            <param index="0">
              <value>
                <![CDATA[org.testng.TestRunner@4665428b]]>
              </value>
            </param>
          </params>
          <reporter-output>
          </reporter-output>
        </test-method> <!-- afterSuite -->
      </class> <!-- com.egis.interfacetesting.mapping.MappingJSONRequest -->
    </test> <!-- Default test -->
  </suite> <!-- Default suite -->
</testng-results>
